Determining if the function sgemm_ exists failed with the following output:
Change Dir: /home/matteo/code/movie_graph/build/CMakeFiles/CMakeTmp

Run Build Command(s):/usr/bin/make cmTC_6001a/fast && make[1]: Entering directory '/home/matteo/code/movie_graph/build/CMakeFiles/CMakeTmp'
/usr/bin/make -f CMakeFiles/cmTC_6001a.dir/build.make CMakeFiles/cmTC_6001a.dir/build
make[2]: Entering directory '/home/matteo/code/movie_graph/build/CMakeFiles/CMakeTmp'
Building C object CMakeFiles/cmTC_6001a.dir/CheckFunctionExists.c.o
/usr/bin/cc   -DCHECK_FUNCTION_EXISTS=sgemm_   -o CMakeFiles/cmTC_6001a.dir/CheckFunctionExists.c.o   -c /usr/share/cmake-3.16/Modules/CheckFunctionExists.c
Linking C executable cmTC_6001a
/usr/bin/cmake -E cmake_link_script CMakeFiles/cmTC_6001a.dir/link.txt --verbose=1
/usr/bin/cc  -DCHECK_FUNCTION_EXISTS=sgemm_    CMakeFiles/cmTC_6001a.dir/CheckFunctionExists.c.o  -o cmTC_6001a 
/usr/bin/ld: CMakeFiles/cmTC_6001a.dir/CheckFunctionExists.c.o: in function `main':
CheckFunctionExists.c:(.text+0x14): undefined reference to `sgemm_'
collect2: error: ld returned 1 exit status
make[2]: *** [CMakeFiles/cmTC_6001a.dir/build.make:87: cmTC_6001a] Error 1
make[2]: Leaving directory '/home/matteo/code/movie_graph/build/CMakeFiles/CMakeTmp'
make[1]: *** [Makefile:121: cmTC_6001a/fast] Error 2
make[1]: Leaving directory '/home/matteo/code/movie_graph/build/CMakeFiles/CMakeTmp'



Performing C SOURCE FILE Test CMAKE_HAVE_LIBC_PTHREAD failed with the following output:
Change Dir: /home/matteo/code/movie_graph/build/CMakeFiles/CMakeTmp

Run Build Command(s):/usr/bin/make cmTC_86173/fast && make[1]: Entering directory '/home/matteo/code/movie_graph/build/CMakeFiles/CMakeTmp'
/usr/bin/make -f CMakeFiles/cmTC_86173.dir/build.make CMakeFiles/cmTC_86173.dir/build
make[2]: Entering directory '/home/matteo/code/movie_graph/build/CMakeFiles/CMakeTmp'
Building C object CMakeFiles/cmTC_86173.dir/src.c.o
/usr/bin/cc   -DCMAKE_HAVE_LIBC_PTHREAD   -o CMakeFiles/cmTC_86173.dir/src.c.o   -c /home/matteo/code/movie_graph/build/CMakeFiles/CMakeTmp/src.c
Linking C executable cmTC_86173
/usr/bin/cmake -E cmake_link_script CMakeFiles/cmTC_86173.dir/link.txt --verbose=1
/usr/bin/cc  -DCMAKE_HAVE_LIBC_PTHREAD    CMakeFiles/cmTC_86173.dir/src.c.o  -o cmTC_86173 
/usr/bin/ld: CMakeFiles/cmTC_86173.dir/src.c.o: in function `main':
src.c:(.text+0x46): undefined reference to `pthread_create'
/usr/bin/ld: src.c:(.text+0x52): undefined reference to `pthread_detach'
/usr/bin/ld: src.c:(.text+0x63): undefined reference to `pthread_join'
collect2: error: ld returned 1 exit status
make[2]: *** [CMakeFiles/cmTC_86173.dir/build.make:87: cmTC_86173] Error 1
make[2]: Leaving directory '/home/matteo/code/movie_graph/build/CMakeFiles/CMakeTmp'
make[1]: *** [Makefile:121: cmTC_86173/fast] Error 2
make[1]: Leaving directory '/home/matteo/code/movie_graph/build/CMakeFiles/CMakeTmp'


Source file was:
#include <pthread.h>

void* test_func(void* data)
{
  return data;
}

int main(void)
{
  pthread_t thread;
  pthread_create(&thread, NULL, test_func, NULL);
  pthread_detach(thread);
  pthread_join(thread, NULL);
  pthread_atfork(NULL, NULL, NULL);
  pthread_exit(NULL);

  return 0;
}

Determining if the function pthread_create exists in the pthreads failed with the following output:
Change Dir: /home/matteo/code/movie_graph/build/CMakeFiles/CMakeTmp

Run Build Command(s):/usr/bin/make cmTC_6e4dc/fast && make[1]: Entering directory '/home/matteo/code/movie_graph/build/CMakeFiles/CMakeTmp'
/usr/bin/make -f CMakeFiles/cmTC_6e4dc.dir/build.make CMakeFiles/cmTC_6e4dc.dir/build
make[2]: Entering directory '/home/matteo/code/movie_graph/build/CMakeFiles/CMakeTmp'
Building C object CMakeFiles/cmTC_6e4dc.dir/CheckFunctionExists.c.o
/usr/bin/cc   -DCHECK_FUNCTION_EXISTS=pthread_create   -o CMakeFiles/cmTC_6e4dc.dir/CheckFunctionExists.c.o   -c /usr/share/cmake-3.16/Modules/CheckFunctionExists.c
Linking C executable cmTC_6e4dc
/usr/bin/cmake -E cmake_link_script CMakeFiles/cmTC_6e4dc.dir/link.txt --verbose=1
/usr/bin/cc  -DCHECK_FUNCTION_EXISTS=pthread_create    CMakeFiles/cmTC_6e4dc.dir/CheckFunctionExists.c.o  -o cmTC_6e4dc  -lpthreads 
/usr/bin/ld: cannot find -lpthreads
collect2: error: ld returned 1 exit status
make[2]: *** [CMakeFiles/cmTC_6e4dc.dir/build.make:87: cmTC_6e4dc] Error 1
make[2]: Leaving directory '/home/matteo/code/movie_graph/build/CMakeFiles/CMakeTmp'
make[1]: *** [Makefile:121: cmTC_6e4dc/fast] Error 2
make[1]: Leaving directory '/home/matteo/code/movie_graph/build/CMakeFiles/CMakeTmp'



